TN:
SF:src/App.tsx
FN:11,App
FNF:1
FNH:0
FNDA:0,App
DA:12,0
LF:1
LH:0
BRF:0
BRH:0
end_of_record
TN:
SF:src/api.ts
FNF:0
FNH:0
DA:3,0
DA:4,0
DA:6,0
DA:10,0
DA:19,0
DA:28,0
LF:6
LH:0
BRF:0
BRH:0
end_of_record
TN:
SF:src/types.ts
FNF:0
FNH:0
LF:0
LH:0
BRF:0
BRH:0
end_of_record
TN:
SF:src/components/Button/Button.tsx
FN:19,(anonymous_0)
FN:20,(anonymous_1)
FN:21,(anonymous_2)
FN:24,(anonymous_3)
FN:26,(anonymous_4)
FN:27,(anonymous_5)
FN:28,(anonymous_6)
FN:31,(anonymous_7)
FN:38,(anonymous_8)
FN:42,(anonymous_9)
FN:49,(anonymous_10)
FN:56,(anonymous_11)
FN:66,(anonymous_12)
FN:68,(anonymous_13)
FN:71,(anonymous_14)
FN:72,(anonymous_15)
FN:74,(anonymous_16)
FN:82,(anonymous_17)
FN:83,(anonymous_18)
FN:84,(anonymous_19)
FN:87,(anonymous_20)
FN:88,(anonymous_21)
FN:89,(anonymous_22)
FN:93,(anonymous_23)
FN:94,(anonymous_24)
FN:95,(anonymous_25)
FN:98,(anonymous_26)
FN:99,(anonymous_27)
FN:107,(anonymous_28)
FN:136,Button
FNF:30
FNH:30
FNDA:279,(anonymous_0)
FNDA:279,(anonymous_1)
FNDA:279,(anonymous_2)
FNDA:279,(anonymous_3)
FNDA:279,(anonymous_4)
FNDA:279,(anonymous_5)
FNDA:279,(anonymous_6)
FNDA:279,(anonymous_7)
FNDA:279,(anonymous_8)
FNDA:279,(anonymous_9)
FNDA:279,(anonymous_10)
FNDA:279,(anonymous_11)
FNDA:134,(anonymous_12)
FNDA:134,(anonymous_13)
FNDA:134,(anonymous_14)
FNDA:134,(anonymous_15)
FNDA:134,(anonymous_16)
FNDA:145,(anonymous_17)
FNDA:145,(anonymous_18)
FNDA:145,(anonymous_19)
FNDA:145,(anonymous_20)
FNDA:145,(anonymous_21)
FNDA:145,(anonymous_22)
FNDA:145,(anonymous_23)
FNDA:145,(anonymous_24)
FNDA:145,(anonymous_25)
FNDA:145,(anonymous_26)
FNDA:145,(anonymous_27)
FNDA:279,(anonymous_28)
FNDA:279,Button
DA:15,4
DA:19,279
DA:20,279
DA:21,279
DA:24,279
DA:26,279
DA:27,279
DA:28,279
DA:31,279
DA:38,279
DA:43,279
DA:50,279
DA:57,279
DA:64,4
DA:66,134
DA:68,134
DA:71,134
DA:72,134
DA:74,134
DA:82,145
DA:83,145
DA:84,145
DA:87,145
DA:88,145
DA:89,145
DA:93,145
DA:94,145
DA:95,145
DA:98,145
DA:99,145
DA:105,4
DA:107,279
DA:110,4
DA:148,279
DA:150,279
LF:35
LH:35
BRDA:26,0,0,6
BRDA:26,0,1,273
BRDA:26,1,0,279
BRDA:26,1,1,276
BRDA:27,2,0,6
BRDA:27,2,1,273
BRDA:27,3,0,279
BRDA:27,3,1,276
BRDA:28,4,0,3
BRDA:28,4,1,276
BRDA:31,5,0,0
BRDA:31,5,1,279
BRDA:43,6,0,279
BRDA:43,6,1,34
BRDA:50,7,0,279
BRDA:50,7,1,125
BRDA:57,8,0,279
BRDA:57,8,1,120
BRDA:137,9,0,279
BRDA:138,10,0,279
BRDA:139,11,0,279
BRDA:140,12,0,279
BRDA:143,13,0,279
BRDA:148,14,0,0
BRDA:148,14,1,279
BRDA:158,15,0,279
BRDA:158,15,1,274
BRDA:159,16,0,0
BRDA:159,16,1,279
BRDA:162,17,0,279
BRDA:162,17,1,3
BRDA:163,18,0,3
BRDA:163,18,1,276
BRF:33
BRH:30
end_of_record
TN:
SF:src/components/EmptyState/EmptyState.tsx
FN:8,(anonymous_0)
FN:9,(anonymous_1)
FN:19,(anonymous_2)
FN:20,(anonymous_3)
FN:22,(anonymous_4)
FN:25,(anonymous_5)
FN:30,(anonymous_6)
FN:31,(anonymous_7)
FN:35,(anonymous_8)
FN:45,EmptyState
FNF:10
FNH:10
FNDA:3,(anonymous_0)
FNDA:3,(anonymous_1)
FNDA:3,(anonymous_2)
FNDA:3,(anonymous_3)
FNDA:3,(anonymous_4)
FNDA:3,(anonymous_5)
FNDA:3,(anonymous_6)
FNDA:3,(anonymous_7)
FNDA:3,(anonymous_8)
FNDA:3,EmptyState
DA:3,2
DA:8,3
DA:9,3
DA:13,2
DA:18,2
DA:19,3
DA:20,3
DA:22,3
DA:25,3
DA:29,2
DA:30,3
DA:31,3
DA:35,3
DA:50,3
LF:14
LH:14
BRDA:46,0,0,3
BRDA:47,1,0,3
BRDA:48,2,0,3
BRF:3
BRH:3
end_of_record
TN:
SF:src/components/ErrorState/ErrorState.tsx
FN:8,(anonymous_0)
FN:9,(anonymous_1)
FN:12,(anonymous_2)
FN:20,(anonymous_3)
FN:21,(anonymous_4)
FN:23,(anonymous_5)
FN:27,(anonymous_6)
FN:28,(anonymous_7)
FN:33,(anonymous_8)
FN:38,(anonymous_9)
FN:38,(anonymous_10)
FN:39,(anonymous_11)
FN:42,(anonymous_12)
FN:43,(anonymous_13)
FN:44,(anonymous_14)
FN:49,(anonymous_15)
FN:63,ErrorState
FNF:17
FNH:17
FNDA:4,(anonymous_0)
FNDA:4,(anonymous_1)
FNDA:4,(anonymous_2)
FNDA:4,(anonymous_3)
FNDA:4,(anonymous_4)
FNDA:4,(anonymous_5)
FNDA:4,(anonymous_6)
FNDA:4,(anonymous_7)
FNDA:4,(anonymous_8)
FNDA:1,(anonymous_9)
FNDA:1,(anonymous_10)
FNDA:1,(anonymous_11)
FNDA:1,(anonymous_12)
FNDA:1,(anonymous_13)
FNDA:1,(anonymous_14)
FNDA:1,(anonymous_15)
FNDA:4,ErrorState
DA:3,3
DA:8,4
DA:9,4
DA:12,4
DA:15,3
DA:19,3
DA:20,4
DA:21,4
DA:23,4
DA:26,3
DA:27,4
DA:28,4
DA:33,4
DA:37,3
DA:38,1
DA:39,1
DA:42,1
DA:43,1
DA:44,1
DA:49,1
DA:67,4
LF:21
LH:21
BRDA:64,0,0,4
BRDA:72,1,0,4
BRDA:72,1,1,1
BRF:3
BRH:3
end_of_record
TN:
SF:src/components/Footer/Footer.tsx
FN:5,(anonymous_0)
FN:5,(anonymous_1)
FN:6,(anonymous_2)
FN:7,(anonymous_3)
FN:10,(anonymous_4)
FN:11,(anonymous_5)
FN:11,(anonymous_6)
FN:15,(anonymous_7)
FN:16,(anonymous_8)
FN:26,(anonymous_9)
FN:31,(anonymous_10)
FN:32,(anonymous_11)
FN:35,(anonymous_12)
FN:39,Footer
FNF:14
FNH:14
FNDA:3,(anonymous_0)
FNDA:3,(anonymous_1)
FNDA:3,(anonymous_2)
FNDA:3,(anonymous_3)
FNDA:3,(anonymous_4)
FNDA:3,(anonymous_5)
FNDA:3,(anonymous_6)
FNDA:3,(anonymous_7)
FNDA:3,(anonymous_8)
FNDA:3,(anonymous_9)
FNDA:3,(anonymous_10)
FNDA:3,(anonymous_11)
FNDA:3,(anonymous_12)
FNDA:3,Footer
DA:3,1
DA:5,3
DA:6,3
DA:7,3
DA:10,3
DA:11,3
DA:15,3
DA:16,3
DA:20,1
DA:26,3
DA:30,1
DA:31,3
DA:32,3
DA:35,3
DA:40,3
LF:15
LH:15
BRF:0
BRH:0
end_of_record
TN:
SF:src/components/Header/Header.tsx
FN:6,(anonymous_0)
FN:6,(anonymous_1)
FN:7,(anonymous_2)
FN:8,(anonymous_3)
FN:14,(anonymous_4)
FN:15,(anonymous_5)
FN:19,(anonymous_6)
FN:20,(anonymous_7)
FN:29,(anonymous_8)
FN:35,(anonymous_9)
FN:39,(anonymous_10)
FN:40,(anonymous_11)
FN:41,(anonymous_12)
FN:44,(anonymous_13)
FN:48,(anonymous_14)
FN:55,(anonymous_15)
FN:57,(anonymous_16)
FN:58,(anonymous_17)
FN:63,(anonymous_18)
FN:64,(anonymous_19)
FN:65,(anonymous_20)
FN:66,(anonymous_21)
FN:66,(anonymous_22)
FN:67,(anonymous_23)
FN:68,(anonymous_24)
FN:73,(anonymous_25)
FN:74,(anonymous_26)
FN:78,(anonymous_27)
FN:81,(anonymous_28)
FN:86,Header
FNF:30
FNH:30
FNDA:5,(anonymous_0)
FNDA:5,(anonymous_1)
FNDA:5,(anonymous_2)
FNDA:5,(anonymous_3)
FNDA:5,(anonymous_4)
FNDA:5,(anonymous_5)
FNDA:5,(anonymous_6)
FNDA:5,(anonymous_7)
FNDA:5,(anonymous_8)
FNDA:5,(anonymous_9)
FNDA:5,(anonymous_10)
FNDA:5,(anonymous_11)
FNDA:5,(anonymous_12)
FNDA:5,(anonymous_13)
FNDA:5,(anonymous_14)
FNDA:5,(anonymous_15)
FNDA:5,(anonymous_16)
FNDA:5,(anonymous_17)
FNDA:10,(anonymous_18)
FNDA:10,(anonymous_19)
FNDA:10,(anonymous_20)
FNDA:10,(anonymous_21)
FNDA:10,(anonymous_22)
FNDA:10,(anonymous_23)
FNDA:10,(anonymous_24)
FNDA:10,(anonymous_25)
FNDA:10,(anonymous_26)
FNDA:10,(anonymous_27)
FNDA:10,(anonymous_28)
FNDA:5,Header
DA:4,1
DA:6,5
DA:7,5
DA:8,5
DA:14,5
DA:15,5
DA:19,5
DA:20,5
DA:24,1
DA:29,5
DA:32,1
DA:35,5
DA:38,1
DA:39,5
DA:40,5
DA:41,5
DA:44,5
DA:48,5
DA:52,1
DA:55,5
DA:57,5
DA:58,5
DA:62,1
DA:63,10
DA:64,10
DA:65,10
DA:66,10
DA:67,10
DA:68,10
DA:73,10
DA:74,10
DA:78,10
DA:81,10
DA:87,5
DA:88,5
DA:89,5
DA:91,5
LF:37
LH:37
BRDA:65,0,0,5
BRDA:65,0,1,5
BRDA:68,1,0,5
BRDA:68,1,1,5
BRDA:78,2,0,5
BRDA:78,2,1,5
BRF:6
BRH:6
end_of_record
TN:
SF:src/components/Loading/Loading.tsx
FN:8,(anonymous_0)
FN:9,(anonymous_1)
FN:15,(anonymous_2)
FN:16,(anonymous_3)
FN:28,(anonymous_4)
FN:29,(anonymous_5)
FN:30,(anonymous_6)
FN:33,(anonymous_7)
FN:41,Loading
FNF:9
FNH:9
FNDA:14,(anonymous_0)
FNDA:14,(anonymous_1)
FNDA:14,(anonymous_2)
FNDA:14,(anonymous_3)
FNDA:14,(anonymous_4)
FNDA:14,(anonymous_5)
FNDA:14,(anonymous_6)
FNDA:14,(anonymous_7)
FNDA:14,Loading
DA:3,5
DA:8,14
DA:9,14
DA:12,5
DA:15,14
DA:16,14
DA:27,5
DA:28,14
DA:29,14
DA:30,14
DA:33,14
DA:42,14
LF:12
LH:12
BRDA:41,0,0,14
BRF:1
BRH:1
end_of_record
TN:
SF:src/components/MainContent/MainContent.tsx
FN:9,(anonymous_0)
FN:9,(anonymous_1)
FN:12,(anonymous_2)
FN:14,(anonymous_3)
FN:15,(anonymous_4)
FN:15,(anonymous_5)
FN:16,(anonymous_6)
FN:24,MainContent
FNF:8
FNH:0
FNDA:0,(anonymous_0)
FNDA:0,(anonymous_1)
FNDA:0,(anonymous_2)
FNDA:0,(anonymous_3)
FNDA:0,(anonymous_4)
FNDA:0,(anonymous_5)
FNDA:0,(anonymous_6)
FNDA:0,MainContent
DA:4,0
DA:9,0
DA:12,0
DA:14,0
DA:15,0
DA:16,0
DA:25,0
LF:7
LH:0
BRF:0
BRH:0
end_of_record
TN:
SF:src/components/PostCard/PostCard.tsx
FN:7,(anonymous_0)
FN:8,(anonymous_1)
FN:9,(anonymous_2)
FN:10,(anonymous_3)
FN:14,(anonymous_4)
FN:19,(anonymous_5)
FN:21,(anonymous_6)
FN:25,(anonymous_7)
FN:26,(anonymous_8)
FN:30,(anonymous_9)
FN:31,(anonymous_10)
FN:38,(anonymous_11)
FN:42,(anonymous_12)
FN:43,(anonymous_13)
FN:44,(anonymous_14)
FN:50,(anonymous_15)
FN:53,(anonymous_16)
FN:54,(anonymous_17)
FN:58,(anonymous_18)
FN:66,(anonymous_19)
FN:67,(anonymous_20)
FN:68,(anonymous_21)
FN:71,(anonymous_22)
FN:78,(anonymous_23)
FN:83,(anonymous_24)
FN:83,(anonymous_25)
FN:84,(anonymous_26)
FN:85,(anonymous_27)
FN:86,(anonymous_28)
FN:87,(anonymous_29)
FN:88,(anonymous_30)
FN:92,(anonymous_31)
FN:93,(anonymous_32)
FN:103,(anonymous_33)
FN:111,(anonymous_34)
FN:116,(anonymous_35)
FN:117,(anonymous_36)
FN:118,(anonymous_37)
FN:121,(anonymous_38)
FN:124,(anonymous_39)
FN:137,(anonymous_40)
FN:147,PostCard
FNF:42
FNH:42
FNDA:5,(anonymous_0)
FNDA:5,(anonymous_1)
FNDA:5,(anonymous_2)
FNDA:5,(anonymous_3)
FNDA:5,(anonymous_4)
FNDA:5,(anonymous_5)
FNDA:5,(anonymous_6)
FNDA:5,(anonymous_7)
FNDA:5,(anonymous_8)
FNDA:5,(anonymous_9)
FNDA:5,(anonymous_10)
FNDA:5,(anonymous_11)
FNDA:5,(anonymous_12)
FNDA:5,(anonymous_13)
FNDA:5,(anonymous_14)
FNDA:5,(anonymous_15)
FNDA:5,(anonymous_16)
FNDA:5,(anonymous_17)
FNDA:5,(anonymous_18)
FNDA:5,(anonymous_19)
FNDA:5,(anonymous_20)
FNDA:5,(anonymous_21)
FNDA:5,(anonymous_22)
FNDA:5,(anonymous_23)
FNDA:1,(anonymous_24)
FNDA:1,(anonymous_25)
FNDA:1,(anonymous_26)
FNDA:1,(anonymous_27)
FNDA:1,(anonymous_28)
FNDA:1,(anonymous_29)
FNDA:1,(anonymous_30)
FNDA:5,(anonymous_31)
FNDA:5,(anonymous_32)
FNDA:5,(anonymous_33)
FNDA:5,(anonymous_34)
FNDA:5,(anonymous_35)
FNDA:5,(anonymous_36)
FNDA:5,(anonymous_37)
FNDA:5,(anonymous_38)
FNDA:6,(anonymous_39)
FNDA:5,(anonymous_40)
FNDA:5,PostCard
DA:5,1
DA:7,5
DA:8,5
DA:9,5
DA:10,5
DA:14,5
DA:19,5
DA:21,5
DA:25,5
DA:26,5
DA:30,5
DA:31,5
DA:35,1
DA:38,5
DA:41,1
DA:42,5
DA:43,5
DA:44,5
DA:50,5
DA:53,5
DA:54,5
DA:58,5
DA:62,1
DA:66,5
DA:67,5
DA:68,5
DA:71,5
DA:75,1
DA:78,5
DA:81,1
DA:83,1
DA:84,1
DA:85,1
DA:86,1
DA:87,1
DA:88,1
DA:91,1
DA:92,5
DA:93,5
DA:103,5
DA:111,5
DA:115,1
DA:116,5
DA:117,5
DA:118,5
DA:121,5
DA:124,1
DA:125,6
DA:126,6
DA:127,6
DA:128,6
DA:137,1
DA:138,5
DA:139,5
DA:140,5
DA:148,5
DA:150,5
LF:57
LH:57
BRDA:125,0,0,0
BRDA:125,0,1,6
BRDA:127,1,0,0
BRDA:127,1,1,6
BRDA:156,2,0,5
BRDA:156,2,1,1
BRF:6
BRH:4
end_of_record
TN:
SF:src/pages/AdminArea/AdminArea.tsx
FN:15,(anonymous_0)
FN:21,(anonymous_1)
FN:25,(anonymous_2)
FN:26,(anonymous_3)
FN:27,(anonymous_4)
FN:31,(anonymous_5)
FN:32,(anonymous_6)
FN:36,(anonymous_7)
FN:41,(anonymous_8)
FN:42,(anonymous_9)
FN:46,(anonymous_10)
FN:54,(anonymous_11)
FN:56,(anonymous_12)
FN:60,(anonymous_13)
FN:61,(anonymous_14)
FN:65,(anonymous_15)
FN:75,(anonymous_16)
FN:76,(anonymous_17)
FN:77,(anonymous_18)
FN:82,(anonymous_19)
FN:90,(anonymous_20)
FN:91,(anonymous_21)
FN:91,(anonymous_22)
FN:92,(anonymous_23)
FN:94,(anonymous_24)
FN:97,(anonymous_25)
FN:98,(anonymous_26)
FN:101,(anonymous_27)
FN:105,(anonymous_28)
FN:107,(anonymous_29)
FN:120,(anonymous_30)
FN:121,(anonymous_31)
FN:122,(anonymous_32)
FN:129,(anonymous_33)
FN:137,(anonymous_34)
FN:138,(anonymous_35)
FN:139,(anonymous_36)
FN:140,(anonymous_37)
FN:141,(anonymous_38)
FN:142,(anonymous_39)
FN:147,(anonymous_40)
FN:154,(anonymous_41)
FN:157,(anonymous_42)
FN:164,(anonymous_43)
FN:164,(anonymous_44)
FN:168,(anonymous_45)
FN:172,(anonymous_46)
FN:173,(anonymous_47)
FN:174,(anonymous_48)
FN:178,(anonymous_49)
FN:178,(anonymous_50)
FN:181,(anonymous_51)
FN:182,(anonymous_52)
FN:185,(anonymous_53)
FN:189,(anonymous_54)
FN:190,(anonymous_55)
FN:191,(anonymous_56)
FN:195,(anonymous_57)
FN:196,(anonymous_58)
FN:201,(anonymous_59)
FN:209,(anonymous_60)
FN:213,(anonymous_61)
FN:220,(anonymous_62)
FN:281,AdminArea
FN:292,(anonymous_64)
FN:326,(anonymous_65)
FN:330,(anonymous_66)
FN:336,(anonymous_67)
FN:341,(anonymous_68)
FN:351,(anonymous_69)
FN:351,(anonymous_70)
FN:360,(anonymous_71)
FN:360,(anonymous_72)
FN:404,(anonymous_73)
FN:436,(anonymous_74)
FN:481,(anonymous_75)
FN:511,(anonymous_76)
FNF:77
FNH:61
FNDA:11,(anonymous_0)
FNDA:7,(anonymous_1)
FNDA:7,(anonymous_2)
FNDA:7,(anonymous_3)
FNDA:7,(anonymous_4)
FNDA:7,(anonymous_5)
FNDA:7,(anonymous_6)
FNDA:7,(anonymous_7)
FNDA:7,(anonymous_8)
FNDA:7,(anonymous_9)
FNDA:7,(anonymous_10)
FNDA:7,(anonymous_11)
FNDA:7,(anonymous_12)
FNDA:7,(anonymous_13)
FNDA:7,(anonymous_14)
FNDA:7,(anonymous_15)
FNDA:7,(anonymous_16)
FNDA:7,(anonymous_17)
FNDA:7,(anonymous_18)
FNDA:7,(anonymous_19)
FNDA:13,(anonymous_20)
FNDA:13,(anonymous_21)
FNDA:13,(anonymous_22)
FNDA:13,(anonymous_23)
FNDA:13,(anonymous_24)
FNDA:13,(anonymous_25)
FNDA:13,(anonymous_26)
FNDA:13,(anonymous_27)
FNDA:13,(anonymous_28)
FNDA:13,(anonymous_29)
FNDA:13,(anonymous_30)
FNDA:13,(anonymous_31)
FNDA:13,(anonymous_32)
FNDA:13,(anonymous_33)
FNDA:13,(anonymous_34)
FNDA:13,(anonymous_35)
FNDA:13,(anonymous_36)
FNDA:13,(anonymous_37)
FNDA:13,(anonymous_38)
FNDA:13,(anonymous_39)
FNDA:13,(anonymous_40)
FNDA:13,(anonymous_41)
FNDA:13,(anonymous_42)
FNDA:1,(anonymous_43)
FNDA:1,(anonymous_44)
FNDA:1,(anonymous_45)
FNDA:1,(anonymous_46)
FNDA:1,(anonymous_47)
FNDA:1,(anonymous_48)
FNDA:0,(anonymous_49)
FNDA:0,(anonymous_50)
FNDA:0,(anonymous_51)
FNDA:0,(anonymous_52)
FNDA:0,(anonymous_53)
FNDA:0,(anonymous_54)
FNDA:0,(anonymous_55)
FNDA:0,(anonymous_56)
FNDA:0,(anonymous_57)
FNDA:0,(anonymous_58)
FNDA:0,(anonymous_59)
FNDA:1,(anonymous_60)
FNDA:1,(anonymous_61)
FNDA:0,(anonymous_62)
FNDA:11,AdminArea
FNDA:4,(anonymous_64)
FNDA:4,(anonymous_65)
FNDA:1,(anonymous_66)
FNDA:0,(anonymous_67)
FNDA:1,(anonymous_68)
FNDA:1,(anonymous_69)
FNDA:2,(anonymous_70)
FNDA:0,(anonymous_71)
FNDA:0,(anonymous_72)
FNDA:0,(anonymous_73)
FNDA:13,(anonymous_74)
FNDA:1,(anonymous_75)
FNDA:1,(anonymous_76)
DA:11,1
DA:15,11
DA:18,1
DA:21,7
DA:24,1
DA:25,7
DA:26,7
DA:27,7
DA:31,7
DA:32,7
DA:36,7
DA:40,1
DA:41,7
DA:42,7
DA:46,7
DA:50,1
DA:54,7
DA:56,7
DA:59,1
DA:60,7
DA:61,7
DA:65,7
DA:69,1
DA:75,7
DA:76,7
DA:77,7
DA:82,7
DA:86,1
DA:90,13
DA:91,13
DA:93,13
DA:94,13
DA:97,13
DA:98,13
DA:101,13
DA:106,13
DA:108,13
DA:112,1
DA:119,1
DA:120,13
DA:121,13
DA:122,13
DA:129,13
DA:133,1
DA:137,13
DA:138,13
DA:139,13
DA:140,13
DA:141,13
DA:142,13
DA:147,13
DA:151,1
DA:154,13
DA:157,13
DA:163,1
DA:164,1
DA:168,1
DA:172,1
DA:173,1
DA:174,1
DA:177,1
DA:178,0
DA:181,0
DA:182,0
DA:185,0
DA:188,1
DA:189,0
DA:190,0
DA:191,0
DA:194,1
DA:195,0
DA:196,0
DA:201,0
DA:205,1
DA:209,1
DA:213,1
DA:220,1
DA:221,0
DA:223,0
DA:225,0
DA:226,0
DA:236,0
DA:238,0
DA:240,0
DA:241,0
DA:248,0
DA:249,0
DA:256,0
DA:257,0
DA:264,0
DA:265,0
DA:273,0
DA:274,0
DA:278,0
DA:282,11
DA:283,11
DA:284,11
DA:285,11
DA:286,11
DA:289,11
DA:290,11
DA:292,11
DA:293,4
DA:294,4
DA:295,4
DA:296,4
DA:297,4
DA:298,4
DA:299,4
DA:301,4
DA:302,4
DA:305,4
DA:306,4
DA:308,4
DA:309,4
DA:311,0
DA:315,4
DA:317,0
DA:318,0
DA:322,4
DA:326,11
DA:327,4
DA:330,11
DA:331,1
DA:332,1
DA:333,1
DA:336,11
DA:337,0
DA:340,11
DA:342,1
DA:344,1
DA:345,1
DA:346,1
DA:348,1
DA:349,1
DA:351,2
DA:352,1
DA:353,1
DA:355,0
DA:356,0
DA:357,0
DA:359,0
DA:360,0
DA:363,1
DA:369,11
DA:370,4
DA:377,7
DA:378,0
DA:388,7
DA:390,7
DA:404,0
DA:437,13
DA:438,13
DA:439,13
DA:441,13
DA:481,1
DA:511,1
LF:157
LH:119
BRDA:93,0,0,7
BRDA:93,0,1,6
BRDA:106,1,0,2
BRDA:106,1,1,11
BRDA:108,2,0,7
BRDA:108,2,1,6
BRDA:225,3,0,0
BRDA:225,3,1,0
BRDA:225,4,0,0
BRDA:225,4,1,0
BRDA:225,4,2,0
BRDA:238,5,0,0
BRDA:238,5,1,0
BRDA:240,6,0,0
BRDA:240,6,1,0
BRDA:248,7,0,0
BRDA:248,7,1,0
BRDA:256,8,0,0
BRDA:256,8,1,0
BRDA:264,9,0,0
BRDA:264,9,1,0
BRDA:264,10,0,0
BRDA:264,10,1,0
BRDA:268,11,0,0
BRDA:268,11,1,0
BRDA:273,12,0,0
BRDA:273,12,1,0
BRDA:308,13,0,4
BRDA:308,13,1,0
BRDA:308,14,0,4
BRDA:308,14,1,4
BRDA:342,15,0,0
BRDA:342,15,1,1
BRDA:359,16,0,0
BRDA:359,16,1,0
BRDA:369,17,0,4
BRDA:369,17,1,7
BRDA:377,18,0,0
BRDA:377,18,1,7
BRDA:400,19,0,7
BRDA:400,19,1,1
BRDA:412,20,0,11
BRDA:412,20,1,0
BRDA:419,21,0,0
BRDA:419,21,1,7
BRDA:427,22,0,1
BRDA:427,22,1,6
BRDA:465,23,0,2
BRDA:465,23,1,11
BRDA:487,24,0,1
BRDA:487,24,1,1
BRDA:488,25,0,1
BRDA:488,25,1,1
BRDA:493,26,0,1
BRDA:493,26,1,1
BRF:55
BRH:27
end_of_record
TN:
SF:src/pages/PostCreate/PostCreate.tsx
FN:13,(anonymous_0)
FN:19,(anonymous_1)
FN:20,(anonymous_2)
FN:20,(anonymous_3)
FN:22,(anonymous_4)
FN:23,(anonymous_5)
FN:24,(anonymous_6)
FN:25,(anonymous_7)
FN:26,(anonymous_8)
FN:33,(anonymous_9)
FN:34,(anonymous_10)
FN:35,(anonymous_11)
FN:39,(anonymous_12)
FN:40,(anonymous_13)
FN:43,(anonymous_14)
FN:51,(anonymous_15)
FN:55,(anonymous_16)
FN:56,(anonymous_17)
FN:57,(anonymous_18)
FN:61,(anonymous_19)
FN:62,(anonymous_20)
FN:66,(anonymous_21)
FN:71,(anonymous_22)
FN:72,(anonymous_23)
FN:75,(anonymous_24)
FN:81,(anonymous_25)
FN:82,(anonymous_26)
FN:83,(anonymous_27)
FN:84,(anonymous_28)
FN:87,(anonymous_29)
FN:89,(anonymous_30)
FN:90,(anonymous_31)
FN:91,(anonymous_32)
FN:95,(anonymous_33)
FN:96,(anonymous_34)
FN:103,(anonymous_35)
FN:107,(anonymous_36)
FN:108,(anonymous_37)
FN:109,(anonymous_38)
FN:112,(anonymous_39)
FN:117,(anonymous_40)
FN:118,(anonymous_41)
FN:122,(anonymous_42)
FN:123,(anonymous_43)
FN:128,(anonymous_44)
FN:174,(anonymous_45)
FN:177,(anonymous_46)
FN:184,(anonymous_47)
FN:187,(anonymous_48)
FN:192,(anonymous_49)
FN:193,(anonymous_50)
FN:194,(anonymous_51)
FN:198,(anonymous_52)
FN:199,(anonymous_53)
FN:204,(anonymous_54)
FN:204,(anonymous_55)
FN:207,(anonymous_56)
FN:208,(anonymous_57)
FN:211,(anonymous_58)
FN:215,(anonymous_59)
FN:216,(anonymous_60)
FN:217,(anonymous_61)
FN:221,(anonymous_62)
FN:222,(anonymous_63)
FN:227,(anonymous_64)
FN:233,(anonymous_65)
FN:237,(anonymous_66)
FN:238,(anonymous_67)
FN:240,(anonymous_68)
FN:250,(anonymous_69)
FN:277,(anonymous_70)
FN:301,(anonymous_71)
FN:367,PostCreate
FN:385,(anonymous_73)
FN:390,(anonymous_74)
FN:399,(anonymous_75)
FN:404,(anonymous_76)
FN:413,(anonymous_77)
FN:414,(anonymous_78)
FN:415,(anonymous_79)
FN:421,(anonymous_80)
FN:422,(anonymous_81)
FN:423,(anonymous_82)
FN:430,(anonymous_83)
FN:597,(anonymous_84)
FNF:85
FNH:70
FNDA:101,(anonymous_0)
FNDA:101,(anonymous_1)
FNDA:101,(anonymous_2)
FNDA:101,(anonymous_3)
FNDA:101,(anonymous_4)
FNDA:101,(anonymous_5)
FNDA:101,(anonymous_6)
FNDA:101,(anonymous_7)
FNDA:101,(anonymous_8)
FNDA:101,(anonymous_9)
FNDA:101,(anonymous_10)
FNDA:101,(anonymous_11)
FNDA:101,(anonymous_12)
FNDA:101,(anonymous_13)
FNDA:101,(anonymous_14)
FNDA:100,(anonymous_15)
FNDA:100,(anonymous_16)
FNDA:100,(anonymous_17)
FNDA:100,(anonymous_18)
FNDA:100,(anonymous_19)
FNDA:100,(anonymous_20)
FNDA:100,(anonymous_21)
FNDA:100,(anonymous_22)
FNDA:100,(anonymous_23)
FNDA:100,(anonymous_24)
FNDA:100,(anonymous_25)
FNDA:100,(anonymous_26)
FNDA:100,(anonymous_27)
FNDA:100,(anonymous_28)
FNDA:100,(anonymous_29)
FNDA:100,(anonymous_30)
FNDA:100,(anonymous_31)
FNDA:100,(anonymous_32)
FNDA:100,(anonymous_33)
FNDA:100,(anonymous_34)
FNDA:200,(anonymous_35)
FNDA:200,(anonymous_36)
FNDA:200,(anonymous_37)
FNDA:200,(anonymous_38)
FNDA:200,(anonymous_39)
FNDA:200,(anonymous_40)
FNDA:200,(anonymous_41)
FNDA:198,(anonymous_42)
FNDA:198,(anonymous_43)
FNDA:198,(anonymous_44)
FNDA:100,(anonymous_45)
FNDA:100,(anonymous_46)
FNDA:100,(anonymous_47)
FNDA:100,(anonymous_48)
FNDA:2,(anonymous_49)
FNDA:2,(anonymous_50)
FNDA:2,(anonymous_51)
FNDA:200,(anonymous_52)
FNDA:200,(anonymous_53)
FNDA:0,(anonymous_54)
FNDA:0,(anonymous_55)
FNDA:0,(anonymous_56)
FNDA:0,(anonymous_57)
FNDA:0,(anonymous_58)
FNDA:0,(anonymous_59)
FNDA:0,(anonymous_60)
FNDA:0,(anonymous_61)
FNDA:0,(anonymous_62)
FNDA:0,(anonymous_63)
FNDA:0,(anonymous_64)
FNDA:100,(anonymous_65)
FNDA:100,(anonymous_66)
FNDA:100,(anonymous_67)
FNDA:100,(anonymous_68)
FNDA:100,(anonymous_69)
FNDA:4,(anonymous_70)
FNDA:0,(anonymous_71)
FNDA:101,PostCreate
FNDA:22,(anonymous_73)
FNDA:0,(anonymous_74)
FNDA:70,(anonymous_75)
FNDA:0,(anonymous_76)
FNDA:1,(anonymous_77)
FNDA:1,(anonymous_78)
FNDA:1,(anonymous_79)
FNDA:1,(anonymous_80)
FNDA:1,(anonymous_81)
FNDA:1,(anonymous_82)
FNDA:2,(anonymous_83)
FNDA:0,(anonymous_84)
DA:9,1
DA:13,101
DA:16,1
DA:19,101
DA:20,101
DA:22,101
DA:23,101
DA:24,101
DA:25,101
DA:26,101
DA:33,101
DA:34,101
DA:35,101
DA:39,101
DA:40,101
DA:43,101
DA:48,1
DA:51,100
DA:54,1
DA:55,100
DA:56,100
DA:57,100
DA:61,100
DA:62,100
DA:66,100
DA:70,1
DA:71,100
DA:72,100
DA:75,100
DA:79,1
DA:81,100
DA:82,100
DA:83,100
DA:84,100
DA:87,100
DA:89,100
DA:90,100
DA:91,100
DA:95,100
DA:96,100
DA:100,1
DA:103,200
DA:106,1
DA:107,200
DA:108,200
DA:109,200
DA:112,200
DA:116,1
DA:117,200
DA:118,200
DA:121,1
DA:122,198
DA:123,198
DA:128,198
DA:132,1
DA:166,1
DA:172,1
DA:174,100
DA:177,100
DA:181,1
DA:184,100
DA:187,100
DA:191,1
DA:192,2
DA:193,2
DA:194,2
DA:197,1
DA:198,200
DA:199,200
DA:203,1
DA:204,0
DA:207,0
DA:208,0
DA:211,0
DA:214,1
DA:215,0
DA:216,0
DA:217,0
DA:220,1
DA:221,0
DA:222,0
DA:227,0
DA:231,1
DA:233,100
DA:237,100
DA:238,100
DA:240,100
DA:250,100
DA:254,1
DA:277,1
DA:278,4
DA:280,4
DA:281,4
DA:282,1
DA:283,3
DA:284,0
DA:285,3
DA:286,0
DA:289,4
DA:290,4
DA:291,2
DA:292,2
DA:293,0
DA:294,2
DA:295,0
DA:298,4
DA:301,1
DA:302,0
DA:304,0
DA:306,0
DA:307,0
DA:317,0
DA:319,0
DA:321,0
DA:322,0
DA:329,0
DA:330,0
DA:337,0
DA:338,0
DA:346,0
DA:347,0
DA:355,0
DA:356,0
DA:360,0
DA:368,101
DA:370,101
DA:371,101
DA:372,101
DA:373,101
DA:377,101
DA:378,101
DA:382,101
DA:383,101
DA:385,101
DA:387,22
DA:388,22
DA:389,22
DA:390,0
DA:391,0
DA:392,0
DA:399,101
DA:401,70
DA:402,70
DA:403,70
DA:404,0
DA:405,0
DA:406,0
DA:413,101
DA:414,1
DA:415,1
DA:416,1
DA:417,1
DA:421,101
DA:422,1
DA:423,1
DA:424,1
DA:425,1
DA:429,101
DA:431,2
DA:432,2
DA:434,2
DA:435,2
DA:436,2
DA:437,2
DA:439,2
DA:440,1
DA:443,1
DA:444,1
DA:451,1
DA:452,1
DA:453,1
DA:454,1
DA:455,1
DA:456,2
DA:461,0
DA:462,0
DA:464,1
DA:470,101
DA:471,101
DA:473,101
DA:474,1
DA:482,100
DA:597,0
LF:183
LH:143
BRDA:174,0,0,1
BRDA:174,0,1,99
BRDA:177,1,0,1
BRDA:177,1,1,99
BRDA:184,2,0,1
BRDA:184,2,1,99
BRDA:187,3,0,1
BRDA:187,3,1,99
BRDA:199,4,0,0
BRDA:199,4,1,200
BRDA:281,5,0,1
BRDA:281,5,1,3
BRDA:283,6,0,0
BRDA:283,6,1,3
BRDA:285,7,0,0
BRDA:285,7,1,3
BRDA:290,8,0,2
BRDA:290,8,1,2
BRDA:292,9,0,0
BRDA:292,9,1,2
BRDA:294,10,0,0
BRDA:294,10,1,2
BRDA:306,11,0,0
BRDA:306,11,1,0
BRDA:306,12,0,0
BRDA:306,12,1,0
BRDA:306,12,2,0
BRDA:319,13,0,0
BRDA:319,13,1,0
BRDA:321,14,0,0
BRDA:321,14,1,0
BRDA:329,15,0,0
BRDA:329,15,1,0
BRDA:337,16,0,0
BRDA:337,16,1,0
BRDA:341,17,0,0
BRDA:341,17,1,0
BRDA:346,18,0,0
BRDA:346,18,1,0
BRDA:346,19,0,0
BRDA:346,19,1,0
BRDA:350,20,0,0
BRDA:350,20,1,0
BRDA:355,21,0,0
BRDA:355,21,1,0
BRDA:367,22,0,101
BRDA:389,23,0,0
BRDA:389,23,1,22
BRDA:403,24,0,0
BRDA:403,24,1,70
BRDA:439,25,0,1
BRDA:439,25,1,1
BRDA:470,26,0,101
BRDA:470,26,1,76
BRDA:471,27,0,101
BRDA:471,27,1,5
BRDA:473,28,0,1
BRDA:473,28,1,100
BRDA:493,29,0,100
BRDA:493,29,1,0
BRDA:519,30,0,101
BRDA:519,30,1,99
BRDA:520,31,0,1
BRDA:520,31,1,99
BRDA:529,32,0,1
BRDA:529,32,1,99
BRDA:564,33,0,101
BRDA:564,33,1,99
BRDA:565,34,0,1
BRDA:565,34,1,99
BRDA:574,35,0,1
BRDA:574,35,1,99
BRDA:609,36,0,0
BRDA:609,36,1,100
BRF:74
BRH:42
end_of_record
TN:
SF:src/pages/PostDetail/PostDetail.tsx
FN:12,(anonymous_0)
FN:13,(anonymous_1)
FN:13,(anonymous_2)
FN:15,(anonymous_3)
FN:16,(anonymous_4)
FN:17,(anonymous_5)
FN:18,(anonymous_6)
FN:19,(anonymous_7)
FN:26,(anonymous_8)
FN:27,(anonymous_9)
FN:28,(anonymous_10)
FN:32,(anonymous_11)
FN:33,(anonymous_12)
FN:36,(anonymous_13)
FN:45,(anonymous_14)
FN:51,(anonymous_15)
FN:52,(anonymous_16)
FN:53,(anonymous_17)
FN:56,(anonymous_18)
FN:61,(anonymous_19)
FN:62,(anonymous_20)
FN:63,(anonymous_21)
FN:68,(anonymous_22)
FN:69,(anonymous_23)
FN:74,(anonymous_24)
FN:82,(anonymous_25)
FN:83,(anonymous_26)
FN:84,(anonymous_27)
FN:87,(anonymous_28)
FN:94,(anonymous_29)
FN:99,(anonymous_30)
FN:99,(anonymous_31)
FN:100,(anonymous_32)
FN:101,(anonymous_33)
FN:102,(anonymous_34)
FN:103,(anonymous_35)
FN:104,(anonymous_36)
FN:111,(anonymous_37)
FN:115,(anonymous_38)
FN:117,(anonymous_39)
FN:123,(anonymous_40)
FN:130,(anonymous_41)
FN:131,(anonymous_42)
FN:136,(anonymous_43)
FN:143,(anonymous_44)
FN:144,(anonymous_45)
FN:144,(anonymous_46)
FN:145,(anonymous_47)
FN:146,(anonymous_48)
FN:147,(anonymous_49)
FN:148,(anonymous_50)
FN:149,(anonymous_51)
FN:150,(anonymous_52)
FN:156,(anonymous_53)
FN:157,(anonymous_54)
FN:158,(anonymous_55)
FN:162,(anonymous_56)
FN:163,(anonymous_57)
FN:164,(anonymous_58)
FN:167,(anonymous_59)
FN:177,(anonymous_60)
FN:178,(anonymous_61)
FN:188,(anonymous_62)
FN:189,(anonymous_63)
FN:190,(anonymous_64)
FN:194,(anonymous_65)
FN:199,(anonymous_66)
FN:200,(anonymous_67)
FN:204,(anonymous_68)
FN:208,(anonymous_69)
FN:221,(anonymous_70)
FN:227,(anonymous_71)
FN:244,PostDetail
FN:253,(anonymous_73)
FN:287,(anonymous_74)
FN:294,(anonymous_75)
FN:309,(anonymous_76)
FN:321,(anonymous_77)
FNF:78
FNH:68
FNDA:9,(anonymous_0)
FNDA:9,(anonymous_1)
FNDA:9,(anonymous_2)
FNDA:9,(anonymous_3)
FNDA:9,(anonymous_4)
FNDA:9,(anonymous_5)
FNDA:9,(anonymous_6)
FNDA:9,(anonymous_7)
FNDA:9,(anonymous_8)
FNDA:9,(anonymous_9)
FNDA:9,(anonymous_10)
FNDA:9,(anonymous_11)
FNDA:9,(anonymous_12)
FNDA:9,(anonymous_13)
FNDA:3,(anonymous_14)
FNDA:3,(anonymous_15)
FNDA:3,(anonymous_16)
FNDA:3,(anonymous_17)
FNDA:3,(anonymous_18)
FNDA:3,(anonymous_19)
FNDA:3,(anonymous_20)
FNDA:3,(anonymous_21)
FNDA:3,(anonymous_22)
FNDA:3,(anonymous_23)
FNDA:3,(anonymous_24)
FNDA:3,(anonymous_25)
FNDA:3,(anonymous_26)
FNDA:3,(anonymous_27)
FNDA:3,(anonymous_28)
FNDA:3,(anonymous_29)
FNDA:0,(anonymous_30)
FNDA:0,(anonymous_31)
FNDA:0,(anonymous_32)
FNDA:0,(anonymous_33)
FNDA:0,(anonymous_34)
FNDA:0,(anonymous_35)
FNDA:0,(anonymous_36)
FNDA:3,(anonymous_37)
FNDA:3,(anonymous_38)
FNDA:3,(anonymous_39)
FNDA:3,(anonymous_40)
FNDA:3,(anonymous_41)
FNDA:3,(anonymous_42)
FNDA:3,(anonymous_43)
FNDA:4,(anonymous_44)
FNDA:4,(anonymous_45)
FNDA:4,(anonymous_46)
FNDA:4,(anonymous_47)
FNDA:4,(anonymous_48)
FNDA:4,(anonymous_49)
FNDA:4,(anonymous_50)
FNDA:4,(anonymous_51)
FNDA:4,(anonymous_52)
FNDA:4,(anonymous_53)
FNDA:4,(anonymous_54)
FNDA:4,(anonymous_55)
FNDA:4,(anonymous_56)
FNDA:4,(anonymous_57)
FNDA:4,(anonymous_58)
FNDA:4,(anonymous_59)
FNDA:1,(anonymous_60)
FNDA:1,(anonymous_61)
FNDA:1,(anonymous_62)
FNDA:1,(anonymous_63)
FNDA:1,(anonymous_64)
FNDA:1,(anonymous_65)
FNDA:1,(anonymous_66)
FNDA:1,(anonymous_67)
FNDA:1,(anonymous_68)
FNDA:3,(anonymous_69)
FNDA:3,(anonymous_70)
FNDA:1,(anonymous_71)
FNDA:9,PostDetail
FNDA:5,(anonymous_73)
FNDA:5,(anonymous_74)
FNDA:0,(anonymous_75)
FNDA:0,(anonymous_76)
FNDA:0,(anonymous_77)
DA:9,1
DA:12,9
DA:13,9
DA:15,9
DA:16,9
DA:17,9
DA:18,9
DA:19,9
DA:26,9
DA:27,9
DA:28,9
DA:32,9
DA:33,9
DA:36,9
DA:41,1
DA:45,3
DA:48,1
DA:51,3
DA:52,3
DA:53,3
DA:56,3
DA:60,1
DA:61,3
DA:62,3
DA:63,3
DA:68,3
DA:69,3
DA:74,3
DA:78,1
DA:82,3
DA:83,3
DA:84,3
DA:87,3
DA:91,1
DA:94,3
DA:97,1
DA:99,0
DA:100,0
DA:101,0
DA:102,0
DA:103,0
DA:104,0
DA:107,1
DA:111,3
DA:114,1
DA:115,3
DA:117,3
DA:123,3
DA:130,3
DA:131,3
DA:136,3
DA:140,1
DA:143,4
DA:144,4
DA:145,4
DA:146,4
DA:147,4
DA:148,4
DA:149,4
DA:150,4
DA:156,4
DA:157,4
DA:158,4
DA:162,4
DA:163,4
DA:164,4
DA:167,4
DA:172,1
DA:177,1
DA:178,1
DA:182,1
DA:187,1
DA:188,1
DA:189,1
DA:190,1
DA:194,1
DA:198,1
DA:199,1
DA:200,1
DA:204,1
DA:208,1
DA:209,3
DA:210,3
DA:211,3
DA:212,3
DA:221,1
DA:222,3
DA:223,3
DA:224,3
DA:227,1
DA:228,1
DA:245,9
DA:246,9
DA:248,9
DA:249,9
DA:250,9
DA:251,9
DA:253,9
DA:254,5
DA:255,0
DA:256,0
DA:257,0
DA:260,5
DA:261,5
DA:262,5
DA:263,5
DA:264,5
DA:265,3
DA:267,1
DA:268,1
DA:269,1
DA:270,1
DA:271,1
DA:273,0
DA:278,0
DA:283,4
DA:287,9
DA:288,5
DA:291,9
DA:292,5
DA:294,0
DA:302,4
DA:303,1
DA:306,3
DA:307,0
DA:309,0
DA:317,3
DA:319,3
DA:321,0
LF:129
LH:114
BRDA:209,0,0,0
BRDA:209,0,1,3
BRDA:211,1,0,0
BRDA:211,1,1,3
BRDA:254,2,0,0
BRDA:254,2,1,5
BRDA:268,3,0,1
BRDA:268,3,1,0
BRDA:268,4,0,1
BRDA:268,4,1,1
BRDA:268,4,2,1
BRDA:270,5,0,1
BRDA:270,5,1,0
BRDA:291,6,0,5
BRDA:291,6,1,4
BRDA:302,7,0,1
BRDA:302,7,1,3
BRDA:306,8,0,0
BRDA:306,8,1,3
BRDA:306,9,0,3
BRDA:306,9,1,3
BRDA:312,10,0,0
BRDA:312,10,1,0
BRDA:329,11,0,3
BRDA:329,11,1,0
BRF:25
BRH:16
end_of_record
TN:
SF:src/pages/PostEdit/PostEdit.tsx
FN:13,(anonymous_0)
FN:19,(anonymous_1)
FN:20,(anonymous_2)
FN:20,(anonymous_3)
FN:22,(anonymous_4)
FN:23,(anonymous_5)
FN:24,(anonymous_6)
FN:25,(anonymous_7)
FN:26,(anonymous_8)
FN:33,(anonymous_9)
FN:34,(anonymous_10)
FN:35,(anonymous_11)
FN:39,(anonymous_12)
FN:40,(anonymous_13)
FN:43,(anonymous_14)
FN:51,(anonymous_15)
FN:55,(anonymous_16)
FN:56,(anonymous_17)
FN:57,(anonymous_18)
FN:61,(anonymous_19)
FN:62,(anonymous_20)
FN:66,(anonymous_21)
FN:71,(anonymous_22)
FN:72,(anonymous_23)
FN:76,(anonymous_24)
FN:82,(anonymous_25)
FN:83,(anonymous_26)
FN:84,(anonymous_27)
FN:85,(anonymous_28)
FN:88,(anonymous_29)
FN:90,(anonymous_30)
FN:91,(anonymous_31)
FN:92,(anonymous_32)
FN:96,(anonymous_33)
FN:97,(anonymous_34)
FN:104,(anonymous_35)
FN:108,(anonymous_36)
FN:109,(anonymous_37)
FN:110,(anonymous_38)
FN:113,(anonymous_39)
FN:118,(anonymous_40)
FN:119,(anonymous_41)
FN:123,(anonymous_42)
FN:124,(anonymous_43)
FN:129,(anonymous_44)
FN:175,(anonymous_45)
FN:178,(anonymous_46)
FN:185,(anonymous_47)
FN:188,(anonymous_48)
FN:193,(anonymous_49)
FN:194,(anonymous_50)
FN:195,(anonymous_51)
FN:199,(anonymous_52)
FN:200,(anonymous_53)
FN:205,(anonymous_54)
FN:205,(anonymous_55)
FN:208,(anonymous_56)
FN:209,(anonymous_57)
FN:212,(anonymous_58)
FN:216,(anonymous_59)
FN:217,(anonymous_60)
FN:218,(anonymous_61)
FN:222,(anonymous_62)
FN:223,(anonymous_63)
FN:228,(anonymous_64)
FN:233,(anonymous_65)
FN:233,(anonymous_66)
FN:234,(anonymous_67)
FN:235,(anonymous_68)
FN:236,(anonymous_69)
FN:237,(anonymous_70)
FN:240,(anonymous_71)
FN:244,(anonymous_72)
FN:245,(anonymous_73)
FN:246,(anonymous_74)
FN:252,(anonymous_75)
FN:253,(anonymous_76)
FN:253,(anonymous_77)
FN:254,(anonymous_78)
FN:255,(anonymous_79)
FN:256,(anonymous_80)
FN:257,(anonymous_81)
FN:261,(anonymous_82)
FN:262,(anonymous_83)
FN:267,(anonymous_84)
FN:270,(anonymous_85)
FN:277,(anonymous_86)
FN:281,(anonymous_87)
FN:282,(anonymous_88)
FN:284,(anonymous_89)
FN:294,(anonymous_90)
FN:303,(anonymous_91)
FN:304,(anonymous_92)
FN:314,(anonymous_93)
FN:315,(anonymous_94)
FN:316,(anonymous_95)
FN:320,(anonymous_96)
FN:325,(anonymous_97)
FN:326,(anonymous_98)
FN:330,(anonymous_99)
FN:356,(anonymous_100)
FN:380,(anonymous_101)
FN:450,(anonymous_102)
FN:463,PostEdit
FN:483,(anonymous_104)
FN:522,(anonymous_105)
FN:526,(anonymous_106)
FN:531,(anonymous_107)
FN:540,(anonymous_108)
FN:545,(anonymous_109)
FN:554,(anonymous_110)
FN:555,(anonymous_111)
FN:556,(anonymous_112)
FN:562,(anonymous_113)
FN:563,(anonymous_114)
FN:564,(anonymous_115)
FN:571,(anonymous_116)
FN:796,(anonymous_117)
FNF:118
FNH:87
FNDA:22,(anonymous_0)
FNDA:22,(anonymous_1)
FNDA:22,(anonymous_2)
FNDA:22,(anonymous_3)
FNDA:22,(anonymous_4)
FNDA:22,(anonymous_5)
FNDA:22,(anonymous_6)
FNDA:22,(anonymous_7)
FNDA:22,(anonymous_8)
FNDA:22,(anonymous_9)
FNDA:22,(anonymous_10)
FNDA:22,(anonymous_11)
FNDA:22,(anonymous_12)
FNDA:22,(anonymous_13)
FNDA:22,(anonymous_14)
FNDA:20,(anonymous_15)
FNDA:20,(anonymous_16)
FNDA:20,(anonymous_17)
FNDA:20,(anonymous_18)
FNDA:20,(anonymous_19)
FNDA:20,(anonymous_20)
FNDA:20,(anonymous_21)
FNDA:20,(anonymous_22)
FNDA:20,(anonymous_23)
FNDA:20,(anonymous_24)
FNDA:20,(anonymous_25)
FNDA:20,(anonymous_26)
FNDA:20,(anonymous_27)
FNDA:20,(anonymous_28)
FNDA:20,(anonymous_29)
FNDA:20,(anonymous_30)
FNDA:20,(anonymous_31)
FNDA:20,(anonymous_32)
FNDA:20,(anonymous_33)
FNDA:20,(anonymous_34)
FNDA:40,(anonymous_35)
FNDA:40,(anonymous_36)
FNDA:40,(anonymous_37)
FNDA:40,(anonymous_38)
FNDA:40,(anonymous_39)
FNDA:40,(anonymous_40)
FNDA:40,(anonymous_41)
FNDA:40,(anonymous_42)
FNDA:40,(anonymous_43)
FNDA:40,(anonymous_44)
FNDA:20,(anonymous_45)
FNDA:20,(anonymous_46)
FNDA:20,(anonymous_47)
FNDA:20,(anonymous_48)
FNDA:0,(anonymous_49)
FNDA:0,(anonymous_50)
FNDA:0,(anonymous_51)
FNDA:40,(anonymous_52)
FNDA:40,(anonymous_53)
FNDA:0,(anonymous_54)
FNDA:0,(anonymous_55)
FNDA:0,(anonymous_56)
FNDA:0,(anonymous_57)
FNDA:0,(anonymous_58)
FNDA:0,(anonymous_59)
FNDA:0,(anonymous_60)
FNDA:0,(anonymous_61)
FNDA:0,(anonymous_62)
FNDA:0,(anonymous_63)
FNDA:0,(anonymous_64)
FNDA:20,(anonymous_65)
FNDA:20,(anonymous_66)
FNDA:20,(anonymous_67)
FNDA:20,(anonymous_68)
FNDA:20,(anonymous_69)
FNDA:20,(anonymous_70)
FNDA:20,(anonymous_71)
FNDA:20,(anonymous_72)
FNDA:20,(anonymous_73)
FNDA:20,(anonymous_74)
FNDA:20,(anonymous_75)
FNDA:20,(anonymous_76)
FNDA:20,(anonymous_77)
FNDA:20,(anonymous_78)
FNDA:20,(anonymous_79)
FNDA:20,(anonymous_80)
FNDA:20,(anonymous_81)
FNDA:20,(anonymous_82)
FNDA:20,(anonymous_83)
FNDA:20,(anonymous_84)
FNDA:20,(anonymous_85)
FNDA:20,(anonymous_86)
FNDA:20,(anonymous_87)
FNDA:20,(anonymous_88)
FNDA:20,(anonymous_89)
FNDA:20,(anonymous_90)
FNDA:0,(anonymous_91)
FNDA:0,(anonymous_92)
FNDA:0,(anonymous_93)
FNDA:0,(anonymous_94)
FNDA:0,(anonymous_95)
FNDA:0,(anonymous_96)
FNDA:0,(anonymous_97)
FNDA:0,(anonymous_98)
FNDA:0,(anonymous_99)
FNDA:2,(anonymous_100)
FNDA:0,(anonymous_101)
FNDA:40,(anonymous_102)
FNDA:22,PostEdit
FNDA:2,(anonymous_104)
FNDA:2,(anonymous_105)
FNDA:15,(anonymous_106)
FNDA:0,(anonymous_107)
FNDA:0,(anonymous_108)
FNDA:0,(anonymous_109)
FNDA:1,(anonymous_110)
FNDA:1,(anonymous_111)
FNDA:1,(anonymous_112)
FNDA:0,(anonymous_113)
FNDA:0,(anonymous_114)
FNDA:0,(anonymous_115)
FNDA:1,(anonymous_116)
FNDA:0,(anonymous_117)
DA:9,1
DA:13,22
DA:16,1
DA:19,22
DA:20,22
DA:22,22
DA:23,22
DA:24,22
DA:25,22
DA:26,22
DA:33,22
DA:34,22
DA:35,22
DA:39,22
DA:40,22
DA:43,22
DA:48,1
DA:51,20
DA:54,1
DA:55,20
DA:56,20
DA:57,20
DA:61,20
DA:62,20
DA:66,20
DA:70,1
DA:71,20
DA:72,20
DA:76,20
DA:80,1
DA:82,20
DA:83,20
DA:84,20
DA:85,20
DA:88,20
DA:90,20
DA:91,20
DA:92,20
DA:96,20
DA:97,20
DA:101,1
DA:104,40
DA:107,1
DA:108,40
DA:109,40
DA:110,40
DA:113,40
DA:117,1
DA:118,40
DA:119,40
DA:122,1
DA:123,40
DA:124,40
DA:129,40
DA:133,1
DA:167,1
DA:173,1
DA:175,20
DA:178,20
DA:182,1
DA:185,20
DA:188,20
DA:192,1
DA:193,0
DA:194,0
DA:195,0
DA:198,1
DA:199,40
DA:200,40
DA:204,1
DA:205,0
DA:208,0
DA:209,0
DA:212,0
DA:215,1
DA:216,0
DA:217,0
DA:218,0
DA:221,1
DA:222,0
DA:223,0
DA:228,0
DA:232,1
DA:233,20
DA:234,20
DA:235,20
DA:236,20
DA:237,20
DA:240,20
DA:243,1
DA:244,20
DA:245,20
DA:246,20
DA:249,1
DA:252,20
DA:253,20
DA:254,20
DA:255,20
DA:256,20
DA:257,20
DA:261,20
DA:262,20
DA:267,20
DA:270,20
DA:275,1
DA:277,20
DA:281,20
DA:282,20
DA:284,20
DA:294,20
DA:298,1
DA:303,0
DA:304,0
DA:308,1
DA:313,1
DA:314,0
DA:315,0
DA:316,0
DA:320,0
DA:324,1
DA:325,0
DA:326,0
DA:330,0
DA:334,1
DA:356,1
DA:357,2
DA:359,2
DA:360,2
DA:361,0
DA:362,2
DA:363,0
DA:364,2
DA:365,0
DA:368,2
DA:369,2
DA:370,0
DA:371,2
DA:372,0
DA:373,2
DA:374,0
DA:377,2
DA:380,1
DA:381,0
DA:383,0
DA:385,0
DA:386,0
DA:396,0
DA:398,0
DA:400,0
DA:401,0
DA:408,0
DA:409,0
DA:416,0
DA:417,0
DA:424,0
DA:425,0
DA:433,0
DA:434,0
DA:442,0
DA:443,0
DA:447,0
DA:450,1
DA:451,40
DA:452,40
DA:453,40
DA:454,40
DA:464,22
DA:465,22
DA:467,22
DA:468,22
DA:469,22
DA:470,22
DA:471,22
DA:473,22
DA:475,22
DA:476,22
DA:477,22
DA:478,22
DA:483,22
DA:484,2
DA:485,0
DA:486,0
DA:487,0
DA:490,2
DA:491,2
DA:492,2
DA:493,2
DA:494,2
DA:495,2
DA:496,2
DA:497,2
DA:498,2
DA:499,2
DA:500,2
DA:502,0
DA:503,0
DA:504,0
DA:505,0
DA:506,0
DA:508,0
DA:513,0
DA:518,2
DA:522,22
DA:523,2
DA:526,22
DA:528,15
DA:529,15
DA:530,15
DA:531,0
DA:532,0
DA:533,0
DA:540,22
DA:542,0
DA:543,0
DA:544,0
DA:545,0
DA:546,0
DA:547,0
DA:554,22
DA:555,1
DA:556,1
DA:557,1
DA:558,1
DA:562,22
DA:563,0
DA:564,0
DA:565,0
DA:566,0
DA:570,22
DA:572,1
DA:573,1
DA:575,1
DA:577,1
DA:578,1
DA:579,1
DA:580,1
DA:582,1
DA:583,0
DA:586,1
DA:592,1
DA:593,1
DA:594,1
DA:595,1
DA:600,0
DA:601,0
DA:603,1
DA:609,22
DA:610,2
DA:618,20
DA:619,0
DA:637,20
DA:638,0
DA:654,20
DA:655,22
DA:656,22
DA:657,22
DA:659,22
DA:796,0
LF:258
LH:182
BRDA:175,0,0,0
BRDA:175,0,1,20
BRDA:178,1,0,0
BRDA:178,1,1,20
BRDA:185,2,0,0
BRDA:185,2,1,20
BRDA:188,3,0,0
BRDA:188,3,1,20
BRDA:200,4,0,0
BRDA:200,4,1,40
BRDA:360,5,0,0
BRDA:360,5,1,2
BRDA:362,6,0,0
BRDA:362,6,1,2
BRDA:364,7,0,0
BRDA:364,7,1,2
BRDA:369,8,0,0
BRDA:369,8,1,2
BRDA:371,9,0,0
BRDA:371,9,1,2
BRDA:373,10,0,0
BRDA:373,10,1,2
BRDA:385,11,0,0
BRDA:385,11,1,0
BRDA:385,12,0,0
BRDA:385,12,1,0
BRDA:385,12,2,0
BRDA:398,13,0,0
BRDA:398,13,1,0
BRDA:400,14,0,0
BRDA:400,14,1,0
BRDA:408,15,0,0
BRDA:408,15,1,0
BRDA:416,16,0,0
BRDA:416,16,1,0
BRDA:424,17,0,0
BRDA:424,17,1,0
BRDA:428,18,0,0
BRDA:428,18,1,0
BRDA:433,19,0,0
BRDA:433,19,1,0
BRDA:433,20,0,0
BRDA:433,20,1,0
BRDA:437,21,0,0
BRDA:437,21,1,0
BRDA:442,22,0,0
BRDA:442,22,1,0
BRDA:451,23,0,0
BRDA:451,23,1,40
BRDA:453,24,0,0
BRDA:453,24,1,40
BRDA:484,25,0,0
BRDA:484,25,1,2
BRDA:503,26,0,0
BRDA:503,26,1,0
BRDA:503,27,0,0
BRDA:503,27,1,0
BRDA:503,27,2,0
BRDA:505,28,0,0
BRDA:505,28,1,0
BRDA:530,29,0,0
BRDA:530,29,1,15
BRDA:544,30,0,0
BRDA:544,30,1,0
BRDA:575,31,0,0
BRDA:575,31,1,1
BRDA:575,32,0,1
BRDA:575,32,1,1
BRDA:582,33,0,0
BRDA:582,33,1,1
BRDA:609,34,0,2
BRDA:609,34,1,20
BRDA:612,35,0,2
BRDA:612,35,1,0
BRDA:618,36,0,0
BRDA:618,36,1,20
BRDA:637,37,0,0
BRDA:637,37,1,20
BRDA:640,38,0,0
BRDA:640,38,1,0
BRDA:654,39,0,20
BRDA:654,39,1,3
BRDA:655,40,0,22
BRDA:655,40,1,2
BRDA:661,41,0,20
BRDA:661,41,1,0
BRDA:671,42,0,22
BRDA:671,42,1,0
BRDA:678,43,0,22
BRDA:678,43,1,20
BRDA:716,44,0,22
BRDA:716,44,1,20
BRDA:717,45,0,0
BRDA:717,45,1,20
BRDA:727,46,0,0
BRDA:727,46,1,20
BRDA:762,47,0,22
BRDA:762,47,1,20
BRDA:763,48,0,0
BRDA:763,48,1,20
BRDA:773,49,0,0
BRDA:773,49,1,20
BRDA:796,50,0,0
BRDA:796,50,1,0
BRDA:808,51,0,1
BRDA:808,51,1,19
BRF:106
BRH:42
end_of_record
TN:
SF:src/pages/PostList/PostList.tsx
FN:13,(anonymous_0)
FN:14,(anonymous_1)
FN:18,(anonymous_2)
FN:19,(anonymous_3)
FN:20,(anonymous_4)
FN:23,(anonymous_5)
FN:24,(anonymous_6)
FN:28,(anonymous_7)
FN:33,(anonymous_8)
FN:34,(anonymous_9)
FN:37,(anonymous_10)
FN:43,(anonymous_11)
FN:44,(anonymous_12)
FN:51,(anonymous_13)
FN:51,(anonymous_14)
FN:52,(anonymous_15)
FN:53,(anonymous_16)
FN:54,(anonymous_17)
FN:55,(anonymous_18)
FN:56,(anonymous_19)
FN:61,(anonymous_20)
FN:62,(anonymous_21)
FN:66,(anonymous_22)
FN:67,(anonymous_23)
FN:68,(anonymous_24)
FN:75,(anonymous_25)
FN:79,(anonymous_26)
FN:80,(anonymous_27)
FN:81,(anonymous_28)
FN:84,(anonymous_29)
FN:92,(anonymous_30)
FN:93,(anonymous_31)
FN:98,(anonymous_32)
FN:98,(anonymous_33)
FN:100,(anonymous_34)
FN:101,(anonymous_35)
FN:102,(anonymous_36)
FN:104,(anonymous_37)
FN:105,(anonymous_38)
FN:106,(anonymous_39)
FN:107,(anonymous_40)
FN:108,(anonymous_41)
FN:112,(anonymous_42)
FN:114,(anonymous_43)
FN:123,(anonymous_44)
FN:125,(anonymous_45)
FN:127,(anonymous_46)
FN:132,(anonymous_47)
FN:135,(anonymous_48)
FN:147,PostList
FN:158,(anonymous_50)
FN:182,(anonymous_51)
FN:213,(anonymous_52)
FN:215,(anonymous_53)
FN:218,(anonymous_54)
FN:224,(anonymous_55)
FN:241,(anonymous_56)
FN:261,(anonymous_57)
FN:264,(anonymous_58)
FN:281,(anonymous_59)
FN:293,(anonymous_60)
FN:302,(anonymous_61)
FN:307,(anonymous_62)
FN:308,(anonymous_63)
FN:314,(anonymous_64)
FN:321,(anonymous_65)
FN:331,(anonymous_66)
FNF:67
FNH:0
FNDA:0,(anonymous_0)
FNDA:0,(anonymous_1)
FNDA:0,(anonymous_2)
FNDA:0,(anonymous_3)
FNDA:0,(anonymous_4)
FNDA:0,(anonymous_5)
FNDA:0,(anonymous_6)
FNDA:0,(anonymous_7)
FNDA:0,(anonymous_8)
FNDA:0,(anonymous_9)
FNDA:0,(anonymous_10)
FNDA:0,(anonymous_11)
FNDA:0,(anonymous_12)
FNDA:0,(anonymous_13)
FNDA:0,(anonymous_14)
FNDA:0,(anonymous_15)
FNDA:0,(anonymous_16)
FNDA:0,(anonymous_17)
FNDA:0,(anonymous_18)
FNDA:0,(anonymous_19)
FNDA:0,(anonymous_20)
FNDA:0,(anonymous_21)
FNDA:0,(anonymous_22)
FNDA:0,(anonymous_23)
FNDA:0,(anonymous_24)
FNDA:0,(anonymous_25)
FNDA:0,(anonymous_26)
FNDA:0,(anonymous_27)
FNDA:0,(anonymous_28)
FNDA:0,(anonymous_29)
FNDA:0,(anonymous_30)
FNDA:0,(anonymous_31)
FNDA:0,(anonymous_32)
FNDA:0,(anonymous_33)
FNDA:0,(anonymous_34)
FNDA:0,(anonymous_35)
FNDA:0,(anonymous_36)
FNDA:0,(anonymous_37)
FNDA:0,(anonymous_38)
FNDA:0,(anonymous_39)
FNDA:0,(anonymous_40)
FNDA:0,(anonymous_41)
FNDA:0,(anonymous_42)
FNDA:0,(anonymous_43)
FNDA:0,(anonymous_44)
FNDA:0,(anonymous_45)
FNDA:0,(anonymous_46)
FNDA:0,(anonymous_47)
FNDA:0,(anonymous_48)
FNDA:0,PostList
FNDA:0,(anonymous_50)
FNDA:0,(anonymous_51)
FNDA:0,(anonymous_52)
FNDA:0,(anonymous_53)
FNDA:0,(anonymous_54)
FNDA:0,(anonymous_55)
FNDA:0,(anonymous_56)
FNDA:0,(anonymous_57)
FNDA:0,(anonymous_58)
FNDA:0,(anonymous_59)
FNDA:0,(anonymous_60)
FNDA:0,(anonymous_61)
FNDA:0,(anonymous_62)
FNDA:0,(anonymous_63)
FNDA:0,(anonymous_64)
FNDA:0,(anonymous_65)
FNDA:0,(anonymous_66)
DA:10,0
DA:13,0
DA:14,0
DA:17,0
DA:18,0
DA:19,0
DA:20,0
DA:23,0
DA:24,0
DA:28,0
DA:32,0
DA:33,0
DA:34,0
DA:37,0
DA:41,0
DA:43,0
DA:44,0
DA:48,0
DA:51,0
DA:52,0
DA:53,0
DA:54,0
DA:55,0
DA:56,0
DA:61,0
DA:62,0
DA:66,0
DA:67,0
DA:68,0
DA:72,0
DA:75,0
DA:78,0
DA:79,0
DA:80,0
DA:81,0
DA:84,0
DA:88,0
DA:92,0
DA:93,0
DA:97,0
DA:98,0
DA:100,0
DA:101,0
DA:103,0
DA:104,0
DA:105,0
DA:106,0
DA:107,0
DA:108,0
DA:113,0
DA:115,0
DA:124,0
DA:126,0
DA:127,0
DA:131,0
DA:132,0
DA:135,0
DA:139,0
DA:145,0
DA:148,0
DA:149,0
DA:150,0
DA:151,0
DA:152,0
DA:153,0
DA:154,0
DA:156,0
DA:158,0
DA:159,0
DA:160,0
DA:161,0
DA:162,0
DA:168,0
DA:169,0
DA:170,0
DA:171,0
DA:173,0
DA:174,0
DA:178,0
DA:182,0
DA:183,0
DA:184,0
DA:185,0
DA:186,0
DA:189,0
DA:190,0
DA:191,0
DA:192,0
DA:193,0
DA:198,0
DA:199,0
DA:200,0
DA:201,0
DA:202,0
DA:204,0
DA:205,0
DA:209,0
DA:213,0
DA:214,0
DA:215,0
DA:216,0
DA:218,0
DA:220,0
DA:224,0
DA:225,0
DA:226,0
DA:229,0
DA:230,0
DA:241,0
DA:249,0
DA:250,0
DA:261,0
DA:264,0
DA:269,0
DA:281,0
DA:294,0
DA:302,0
DA:307,0
DA:310,0
DA:315,0
DA:321,0
DA:331,0
LF:122
LH:0
BRDA:100,0,0,0
BRDA:100,0,1,0
BRDA:103,1,0,0
BRDA:103,1,1,0
BRDA:104,2,0,0
BRDA:104,2,1,0
BRDA:107,3,0,0
BRDA:107,3,1,0
BRDA:108,4,0,0
BRDA:108,4,1,0
BRDA:113,5,0,0
BRDA:113,5,1,0
BRDA:115,6,0,0
BRDA:115,6,1,0
BRDA:124,7,0,0
BRDA:124,7,1,0
BRDA:126,8,0,0
BRDA:126,8,1,0
BRDA:127,9,0,0
BRDA:127,9,1,0
BRDA:158,10,0,0
BRDA:169,11,0,0
BRDA:169,11,1,0
BRDA:170,12,0,0
BRDA:170,12,1,0
BRDA:171,13,0,0
BRDA:171,13,1,0
BRDA:183,14,0,0
BRDA:183,14,1,0
BRDA:199,15,0,0
BRDA:199,15,1,0
BRDA:214,16,0,0
BRDA:214,16,1,0
BRDA:225,17,0,0
BRDA:225,17,1,0
BRDA:225,18,0,0
BRDA:225,18,1,0
BRDA:225,18,2,0
BRDA:229,19,0,0
BRDA:229,19,1,0
BRDA:249,20,0,0
BRDA:249,20,1,0
BRDA:285,21,0,0
BRDA:285,21,1,0
BRDA:288,22,0,0
BRDA:288,22,1,0
BRDA:289,23,0,0
BRDA:289,23,1,0
BRDA:290,24,0,0
BRDA:290,24,1,0
BRDA:290,25,0,0
BRDA:290,25,1,0
BRDA:298,26,0,0
BRDA:298,26,1,0
BRDA:298,26,2,0
BRDA:310,27,0,0
BRDA:310,27,1,0
BRDA:310,27,2,0
BRDA:310,27,3,0
BRDA:316,28,0,0
BRDA:316,28,1,0
BRDA:316,28,2,0
BRDA:323,29,0,0
BRDA:323,29,1,0
BRDA:341,30,0,0
BRDA:341,30,1,0
BRDA:342,31,0,0
BRDA:342,31,1,0
BRDA:344,32,0,0
BRDA:344,32,1,0
BRF:70
BRH:0
end_of_record
TN:
SF:src/reducers/postReducer.ts
FN:14,postReducer
FN:29,(anonymous_1)
FN:36,(anonymous_2)
FNF:3
FNH:0
FNDA:0,postReducer
FNDA:0,(anonymous_1)
FNDA:0,(anonymous_2)
DA:3,0
DA:15,0
DA:17,0
DA:22,0
DA:27,0
DA:30,0
DA:34,0
DA:36,0
DA:39,0
LF:9
LH:0
BRDA:15,0,0,0
BRDA:15,0,1,0
BRDA:15,0,2,0
BRDA:15,0,3,0
BRDA:15,0,4,0
BRDA:30,1,0,0
BRDA:30,1,1,0
BRF:7
BRH:0
end_of_record
TN:
SF:src/styles/theme.ts
FN:100,(anonymous_0)
FN:101,(anonymous_1)
FN:104,(anonymous_2)
FN:105,(anonymous_3)
FN:108,(anonymous_4)
FN:109,(anonymous_5)
FN:120,(anonymous_6)
FN:121,(anonymous_7)
FN:122,(anonymous_8)
FN:127,(anonymous_9)
FN:129,(anonymous_10)
FN:131,(anonymous_11)
FN:132,(anonymous_12)
FN:133,(anonymous_13)
FN:138,(anonymous_14)
FN:141,(anonymous_15)
FN:143,(anonymous_16)
FN:144,(anonymous_17)
FN:153,(anonymous_18)
FN:158,(anonymous_19)
FN:186,(anonymous_20)
FN:187,(anonymous_21)
FN:191,(anonymous_22)
FNF:23
FNH:0
FNDA:0,(anonymous_0)
FNDA:0,(anonymous_1)
FNDA:0,(anonymous_2)
FNDA:0,(anonymous_3)
FNDA:0,(anonymous_4)
FNDA:0,(anonymous_5)
FNDA:0,(anonymous_6)
FNDA:0,(anonymous_7)
FNDA:0,(anonymous_8)
FNDA:0,(anonymous_9)
FNDA:0,(anonymous_10)
FNDA:0,(anonymous_11)
FNDA:0,(anonymous_12)
FNDA:0,(anonymous_13)
FNDA:0,(anonymous_14)
FNDA:0,(anonymous_15)
FNDA:0,(anonymous_16)
FNDA:0,(anonymous_17)
FNDA:0,(anonymous_18)
FNDA:0,(anonymous_19)
FNDA:0,(anonymous_20)
FNDA:0,(anonymous_21)
FNDA:0,(anonymous_22)
DA:3,11
DA:79,11
DA:100,0
DA:101,0
DA:104,0
DA:105,0
DA:108,0
DA:109,0
DA:120,0
DA:121,0
DA:122,0
DA:127,0
DA:129,0
DA:131,0
DA:132,0
DA:133,0
DA:138,0
DA:141,0
DA:143,0
DA:144,0
DA:153,0
DA:158,0
DA:186,0
DA:187,0
DA:191,0
LF:25
LH:2
BRF:0
BRH:0
end_of_record
